[09:30:37] [INIT] KubeJS 1902.6.2-build.63; MC 1902 forge
[09:30:37] [INIT] Loaded plugins:
[09:30:37] [INIT] - dev.latvian.mods.kubejs.forge.BuiltinKubeJSForgePlugin
[09:30:37] [INIT] - dev.latvian.mods.kubejs.forge.BuiltinKubeJSForgeClientPlugin
[09:30:37] [INIT] - dev.ftb.mods.ftbxmodcompat.ftbquests.kubejs.KubeJSIntegration
[09:30:37] [INIT] - dev.ftb.mods.ftbxmodcompat.ftbchunks.kubejs.FTBChunksKubeJSPlugin
[09:30:37] [INIT] - dev.ftb.mods.ftbxmodcompat.ftbteams.kubejs.FTBTeamsKubeJSPlugin
[09:30:37] [INIT] - com.probejs.ProbeJSPlugin
[09:30:37] [INIT] - com.almostreliable.summoningrituals.compat.kubejs.AlmostKube
[09:30:37] [INIT] - com.almostreliable.ponderjs.PonderJSPlugin
[09:30:37] [INIT] - com.klikli_dev.modonomicon.integration.kubejs.ModonomiconKubeJSPlugin
[09:30:37] [INIT] - dev.latvian.mods.kubejs.create.KubeJSCreatePlugin
[09:30:37] [INIT] - snownee.lychee.compat.kubejs.LycheeKubeJSPlugin
[09:30:37] [INIT] - dev.latvian.mods.kubejs.immersiveengineering.ImmersiveEngineeringKubeJSPlugin
[09:30:37] [INFO] Loaded script client_scripts:Ponder/Immersive Engineering/advanced_blast_furnace.js in 0.004 s
[09:30:37] [INFO] Loaded script client_scripts:Ponder/Immersive Engineering/alloy_smelter.js in 0.002 s
[09:30:37] [INFO] Loaded script client_scripts:Ponder/Immersive Engineering/arc_furnace.js in 0.019 s
[09:30:37] [INFO] Loaded script client_scripts:Ponder/Immersive Engineering/assembler.js in 0.008 s
[09:30:37] [INFO] Loaded script client_scripts:Ponder/Immersive Engineering/auto_workbench.js in 0.004 s
[09:30:37] [INFO] Loaded script client_scripts:Ponder/Immersive Engineering/blast_furnace.js in 0.003 s
[09:30:37] [INFO] Loaded script client_scripts:Ponder/Immersive Engineering/bottling_machine.js in 0.005 s
[09:30:37] [INFO] Loaded script client_scripts:Ponder/Immersive Engineering/coke_oven.js in 0.002 s
[09:30:37] [INFO] Loaded script client_scripts:Ponder/Immersive Engineering/crusher.js in 0.011 s
[09:30:37] [INFO] Loaded script client_scripts:Ponder/Immersive Engineering/diesel_generator.js in 0.008 s
[09:30:37] [INFO] Loaded script client_scripts:Ponder/Immersive Engineering/fermenter.js in 0.006 s
[09:30:37] [INFO] Loaded script client_scripts:Ponder/Immersive Engineering/metal_press.js in 0.004 s
[09:30:37] [INFO] Loaded script client_scripts:Ponder/Immersive Engineering/mixer.js in 0.005 s
[09:30:37] [INFO] Loaded script client_scripts:Ponder/Immersive Engineering/refinery.js in 0.009 s
[09:30:37] [INFO] Loaded script client_scripts:Ponder/Immersive Engineering/sawmill.js in 0.006 s
[09:30:37] [INFO] Loaded script client_scripts:Ponder/Immersive Engineering/squeezer.js in 0.006 s
[09:30:37] [INFO] Loaded script client_scripts:Ponder/Nature/nature_altar.js in 0.005 s
[09:30:37] [INFO] Loaded script client_scripts:Ponder/PonderTags.js in 0.001 s
[09:30:37] [INFO] Loaded script client_scripts:Ponder/TConstruct/Scorched.js in 0.008 s
[09:30:37] [INFO] Loaded script client_scripts:Ponder/TConstruct/Smeltery.js in 0.009 s
[09:30:37] [INFO] Loaded script client_scripts:Tooltip.js in 0.001 s
[09:30:37] [INFO] Loaded 21/21 KubeJS client scripts in 0.31 s
