[09:54:45] [INIT] KubeJS 1902.6.2-build.63; MC 1902 forge
[09:54:45] [INIT] Loaded plugins:
[09:54:45] [INIT] - dev.latvian.mods.kubejs.forge.BuiltinKubeJSForgePlugin
[09:54:45] [INIT] - dev.latvian.mods.kubejs.forge.BuiltinKubeJSForgeClientPlugin
[09:54:45] [INIT] - dev.ftb.mods.ftbxmodcompat.ftbquests.kubejs.KubeJSIntegration
[09:54:45] [INIT] - dev.ftb.mods.ftbxmodcompat.ftbchunks.kubejs.FTBChunksKubeJSPlugin
[09:54:45] [INIT] - dev.ftb.mods.ftbxmodcompat.ftbteams.kubejs.FTBTeamsKubeJSPlugin
[09:54:45] [INIT] - com.probejs.ProbeJSPlugin
[09:54:45] [INIT] - com.almostreliable.summoningrituals.compat.kubejs.AlmostKube
[09:54:45] [INIT] - com.almostreliable.ponderjs.PonderJSPlugin
[09:54:45] [INIT] - com.klikli_dev.modonomicon.integration.kubejs.ModonomiconKubeJSPlugin
[09:54:45] [INIT] - dev.latvian.mods.kubejs.create.KubeJSCreatePlugin
[09:54:45] [INIT] - snownee.lychee.compat.kubejs.LycheeKubeJSPlugin
[09:54:45] [INIT] - dev.latvian.mods.kubejs.immersiveengineering.ImmersiveEngineeringKubeJSPlugin
[09:54:45] [INFO] Loaded script server_scripts:ae2/charger.js in 0.002 s
[09:54:45] [INFO] Loaded script server_scripts:ae2/inscriber.js in 0.001 s
[09:54:45] [INFO] Loaded script server_scripts:ars_nouveau/enchanting_apparatus.js in 0.0 s
[09:54:45] [INFO] Loaded script server_scripts:ars_nouveau/imbuement.js in 0.001 s
[09:54:45] [INFO] Loaded script server_scripts:botania/elven_trade.js in 0.0 s
[09:54:45] [INFO] Loaded script server_scripts:botania/mana_infusion.js in 0.0 s
[09:54:45] [INFO] Loaded script server_scripts:botania/petal_apothecary.js in 0.0 s
[09:54:45] [INFO] Loaded script server_scripts:botania/pure_daisy.js in 0.0 s
[09:54:45] [INFO] Loaded script server_scripts:botania/runic_altar.js in 0.0 s
[09:54:45] [INFO] Loaded script server_scripts:botania/terra_plate.js in 0.0 s
[09:54:45] [INFO] Loaded script server_scripts:create/compacting.js in 0.001 s
[09:54:45] [INFO] Loaded script server_scripts:create/crushing.js in 0.0 s
[09:54:45] [INFO] Loaded script server_scripts:create/deploy.js in 0.001 s
[09:54:45] [INFO] Loaded script server_scripts:create/emptying.js in 0.002 s
[09:54:45] [INFO] Loaded script server_scripts:create/filling.js in 0.001 s
[09:54:45] [INFO] Loaded script server_scripts:create/item_application.js in 0.001 s
[09:54:45] [INFO] Loaded script server_scripts:create/mechanical_crafting.js in 0.0 s
[09:54:45] [INFO] Loaded script server_scripts:create/milling.js in 0.0 s
[09:54:45] [INFO] Loaded script server_scripts:create/mixing.js in 0.001 s
[09:54:45] [INFO] Loaded script server_scripts:create/pressing.js in 0.0 s
[09:54:45] [INFO] Loaded script server_scripts:create/sequenced_assembly/baisc_sequenced_assembly.js in 0.005 s
[09:54:45] [INFO] Loaded script server_scripts:create/sequenced_assembly/sequenced_assembly.js in 0.0 s
[09:54:45] [INFO] Loaded script server_scripts:elementalcraft/binding.js in 0.0 s
[09:54:45] [INFO] Loaded script server_scripts:elementalcraft/infusion.js in 0.001 s
[09:54:45] [INFO] Loaded script server_scripts:elementalcraft/pureinfusion.js in 0.001 s
[09:54:45] [INFO] Loaded script server_scripts:elementalcraft/sawing.js in 0.001 s
[09:54:45] [INFO] Loaded script server_scripts:evilcraft/blood_infuser.js in 0.001 s
[09:54:45] [INFO] Loaded script server_scripts:extending_crafting/combination.js in 0.001 s
[09:54:45] [INFO] Loaded script server_scripts:extending_crafting/compressor.js in 0.0 s
[09:54:45] [INFO] Loaded script server_scripts:extending_crafting/shaped_table.js in 0.0 s
[09:54:45] [INFO] Loaded script server_scripts:farmersdelight/cooking.js in 0.001 s
[09:54:45] [INFO] Loaded script server_scripts:farmersdelight/cutting.js in 0.0 s
[09:54:45] [INFO] Loaded script server_scripts:gamerule/false.js in 0.0 s
[09:54:45] [INFO] Loaded script server_scripts:gamerule/true.js in 0.001 s
[09:54:45] [INFO] Loaded script server_scripts:hexerei/mixingcauldron.js in 0.001 s
[09:54:45] [INFO] Loaded script server_scripts:hexerei/pestle_and_mortar.js in 0.001 s
[09:54:45] [INFO] Loaded script server_scripts:ImmersiveEngineering/alloy.js in 0.0 s
[09:54:45] [INFO] Loaded script server_scripts:ImmersiveEngineering/blast_furnace.js in 0.0 s
[09:54:45] [INFO] Loaded script server_scripts:ImmersiveEngineering/blueprint.js in 0.001 s
[09:54:45] [INFO] Loaded script server_scripts:ImmersiveEngineering/cloche.js in 0.0 s
[09:54:45] [INFO] Loaded script server_scripts:ImmersiveEngineering/coke_oven.js in 0.001 s
[09:54:45] [INFO] Loaded script server_scripts:industrialforegoing/dissolution_chamber.js in 0.0 s
[09:54:45] [INFO] Loaded script server_scripts:industrialforegoing/fluid_extractor.js in 0.001 s
[09:54:45] [INFO] Loaded script server_scripts:integrateddynamics/squeezer.js in 0.001 s
[09:54:45] [INFO] Loaded script server_scripts:lychee/block_interacting.js in 0.001 s
[09:54:45] [INFO] Loaded script server_scripts:lychee/drop_item.js in 0.001 s
[09:54:45] [INFO] Loaded script server_scripts:lychee/exploding.js in 0.001 s
[09:54:45] [INFO] Loaded script server_scripts:lychee/lighting.js in 0.001 s
[09:54:45] [INFO] Loaded script server_scripts:lychee/special.js in 0.0 s
[09:54:45] [INFO] Loaded script server_scripts:malum/infusion.js in 0.0 s
[09:54:45] [INFO] Loaded script server_scripts:mekanism/combining.js in 0.001 s
[09:54:45] [INFO] Loaded script server_scripts:mekanism/enriching.js in 0.001 s
[09:54:45] [INFO] Loaded script server_scripts:mekanism/infusion_conversion.js in 0.001 s
[09:54:45] [INFO] Loaded script server_scripts:mekanism/metallurgic_infusing.js in 0.0 s
[09:54:45] [INFO] Loaded script server_scripts:mekanism/nucleosynthesizing.js in 0.0 s
[09:54:45] [INFO] Loaded script server_scripts:mekanism/painting.js in 0.001 s
[09:54:45] [INFO] Loaded script server_scripts:minecraft/camp_fire.js in 0.0 s
[09:54:45] [INFO] Loaded script server_scripts:minecraft/Recipes.js in 0.002 s
[09:54:45] [INFO] Loaded script server_scripts:minecraft/smelting.js in 0.0 s
[09:54:45] [INFO] Loaded script server_scripts:minecraft/stonecutter.js in 0.001 s
[09:54:45] [INFO] Loaded script server_scripts:mythicbotany/nfuse.js in 0.0 s
[09:54:45] [INFO] Loaded script server_scripts:mythicbotany/rune_ritual.js in 0.0 s
[09:54:45] [INFO] Loaded script server_scripts:naturesaura/altar.js in 0.001 s
[09:54:45] [INFO] Loaded script server_scripts:naturesaura/offering.js in 0.0 s
[09:54:45] [INFO] Loaded script server_scripts:naturesaura/tree_ritual.js in 0.001 s
[09:54:45] [INFO] Loaded script server_scripts:occultism/ritual.js in 0.001 s
[09:54:45] [INFO] Loaded script server_scripts:occultism/spirit_fire.js in 0.001 s
[09:54:45] [INFO] Loaded script server_scripts:pneumaticcraft/pressure_chamber.js in 0.001 s
[09:54:45] [INFO] Loaded script server_scripts:powah.js in 0.0 s
[09:54:45] [INFO] Loaded script server_scripts:psi.js in 0.0 s
[09:54:45] [INFO] Loaded script server_scripts:remove.js in 0.0 s
[09:54:45] [INFO] Loaded script server_scripts:right_click/right_cilck.js in 0.001 s
[09:54:45] [INFO] Loaded script server_scripts:spirit/soul_engulfing.js in 0.001 s
[09:54:45] [INFO] Loaded script server_scripts:summon_altar.js in 0.001 s
[09:54:45] [INFO] Loaded script server_scripts:tconstruct/casting.js in 0.001 s
[09:54:45] [INFO] Loaded script server_scripts:tconstruct/melting.js in 0.0 s
[09:54:45] [INFO] Loaded script server_scripts:thermal/centrifuge.js in 0.001 s
[09:54:45] [INFO] Loaded script server_scripts:thermal/chiller.js in 0.001 s
[09:54:45] [INFO] Loaded script server_scripts:thermal/crystallizer.js in 0.001 s
[09:54:45] [INFO] Loaded script server_scripts:thermal/press.js in 0.0 s
[09:54:45] [INFO] Loaded script server_scripts:thermal/pyrolyzer.js in 0.001 s
[09:54:45] [INFO] Loaded script server_scripts:thermal/smelter.js in 0.001 s
[09:54:45] [INFO] Loaded script server_scripts:vintageimprovements/curving.js in 0.0 s
[09:54:45] [INFO] Loaded script server_scripts:vintageimprovements/pressurizing.js in 0.001 s
[09:54:45] [INFO] Loaded 84/84 KubeJS server scripts in 0.114 s
[09:54:45] [INFO] Scripts loaded
[09:54:45] [INFO] Initializing recipe event...
[09:54:46] [INFO] [minecraft:block] Found 880 tags, added 10 objects, removed 0 objects
[09:54:48] [INFO] Processing recipes...
[09:54:48] [WARN] Failed to parse recipe 'create_things_and_misc:schematic_chair[minecraft:crafting_shaped]'! Falling back to vanilla: ItemStack 'result' can't be empty!
[09:54:48] [WARN] Failed to parse recipe 'create_things_and_misc:copper_scaffolding_craft[minecraft:crafting_shaped]'! Falling back to vanilla: ItemStack 'result' can't be empty!
[09:54:48] [INFO] Found 22680 recipes in 275.6 ms
[09:54:52] [INFO] Posted recipe events in 3.822 s
[09:54:52] [WARN] Error parsing recipe malum:create/crushing/crush_rare_earths_block[create:crushing]: {"conditions":[{"type":"forge:mod_loaded","modid":"create"}],"type":"create:crushing","ingredients":[{"item":"malum:block_of_aurum"}],"results":[{"item":"malum:cthonic_gold"},{"item":"malum:cthonic_gold","chance":0.75},{"item":"create:experience_nugget","chance":0.75},{"item":"minecraft:cobbled_deepslate","chance":0.125}],"processingTime":600}: com.google.gson.JsonSyntaxException: Unknown item 'malum:block_of_aurum'
[09:54:52] [INFO] Added 506 recipes, removed 367 recipes, modified 414 recipes, with 1 failed recipes in 89.50 ms
