[09:30:35] [INIT] KubeJS 1902.6.2-build.63; MC 1902 forge
[09:30:35] [INIT] Loaded plugins:
[09:30:35] [INIT] - dev.latvian.mods.kubejs.forge.BuiltinKubeJSForgePlugin
[09:30:35] [INIT] - dev.latvian.mods.kubejs.forge.BuiltinKubeJSForgeClientPlugin
[09:30:35] [INIT] - dev.ftb.mods.ftbxmodcompat.ftbquests.kubejs.KubeJSIntegration
[09:30:35] [INIT] - dev.ftb.mods.ftbxmodcompat.ftbchunks.kubejs.FTBChunksKubeJSPlugin
[09:30:35] [INIT] - dev.ftb.mods.ftbxmodcompat.ftbteams.kubejs.FTBTeamsKubeJSPlugin
[09:30:35] [INIT] - com.probejs.ProbeJSPlugin
[09:30:35] [INIT] - com.almostreliable.summoningrituals.compat.kubejs.AlmostKube
[09:30:35] [INIT] - com.almostreliable.ponderjs.PonderJSPlugin
[09:30:35] [INIT] - com.klikli_dev.modonomicon.integration.kubejs.ModonomiconKubeJSPlugin
[09:30:35] [INIT] - dev.latvian.mods.kubejs.create.KubeJSCreatePlugin
[09:30:35] [INIT] - snownee.lychee.compat.kubejs.LycheeKubeJSPlugin
[09:30:35] [INIT] - dev.latvian.mods.kubejs.immersiveengineering.ImmersiveEngineeringKubeJSPlugin
[09:30:37] [INFO] Loaded script startup_scripts:Block.js in 0.208 s
[09:30:37] [INFO] Loaded script startup_scripts:DisplayName.js in 0.006 s
[09:30:37] [INFO] Loaded script startup_scripts:Fluid.js in 0.002 s
[09:30:37] [INFO] Loaded script startup_scripts:Food.js in 0.005 s
[09:30:37] [INFO] infuse.js#1: Loaded Java class 'mekanism.api.chemical.infuse.InfuseType'
[09:30:37] [INFO] infuse.js#2: Loaded Java class 'mekanism.api.chemical.infuse.InfuseTypeBuilder'
[09:30:37] [INFO] Loaded script startup_scripts:infuse.js in 0.011 s
[09:30:37] [INFO] Loaded script startup_scripts:Item.js in 0.004 s
[09:30:37] [INFO] Loaded script startup_scripts:modification/maxDamage.js in 0.003 s
[09:30:37] [INFO] Loaded 7/7 KubeJS startup scripts in 1.453 s
