[2024-05-04 10:24:58] [Render thread/INFO] [CustomSkinLoader Core]: CustomSkinLoader 14.19.1
[2024-05-04 10:24:58] [Render thread/INFO] [CustomSkinLoader Core]: DataDir: D:\宝可梦世界客户端【无光影低配】\.minecraft\versions\Inherit\CustomSkinLoader
[2024-05-04 10:24:58] [Render thread/INFO] [CustomSkinLoader Core]: Operating System: Windows 10 (amd64) version 10.0
[2024-05-04 10:24:58] [Render thread/INFO] [CustomSkinLoader Core]: Java Version: 17.0.7, Eclipse Adoptium
[2024-05-04 10:24:58] [Render thread/INFO] [CustomSkinLoader Core]: Java VM Version: OpenJDK 64-Bit Server VM (mixed mode, sharing), Eclipse Adoptium
[2024-05-04 10:24:58] [Render thread/INFO] [CustomSkinLoader Core]: Minecraft: unknown
[2024-05-04 10:24:58] [Render thread/INFO] [CustomSkinLoader Core]: Config File: D:\宝可梦世界客户端【无光影低配】\.minecraft\versions\Inherit\CustomSkinLoader\CustomSkinLoader.json
[2024-05-04 10:24:58] [Render thread/INFO] [CustomSkinLoader Core]: Try to load config.
[2024-05-04 10:24:58] [Render thread/INFO] [CustomSkinLoader Core]: Successfully load config.
[2024-05-04 10:24:58] [Render thread/INFO] [CustomSkinLoader Core]: Add a profile loader: MojangAPI
[2024-05-04 10:24:58] [Render thread/INFO] [CustomSkinLoader Core]: Add a profile loader: Legacy
[2024-05-04 10:24:58] [Render thread/INFO] [CustomSkinLoader Core]: Add a profile loader: CustomSkinAPI
[2024-05-04 10:24:58] [Render thread/INFO] [CustomSkinLoader Core]: Add a profile loader: CustomSKinAPIPlus
[2024-05-04 10:24:58] [Render thread/INFO] [CustomSkinLoader Core]: Add a profile loader: UniSkinAPI
[2024-05-04 10:24:58] [Render thread/INFO] [CustomSkinLoader Core]: Add a profile loader: ElyByAPI
[2024-05-04 10:24:58] [Render thread/INFO] [CustomSkinLoader Core]: Add a profile loader: GlitchlessAPI
[2024-05-04 10:24:58] [Render thread/INFO] [CustomSkinLoader Core]: Add a profile loader: MinecraftCapesAPI
[2024-05-04 10:24:58] [Render thread/INFO] [CustomSkinLoader Core]: Add a profile loader: WynntilsAPI
[2024-05-04 10:24:58] [Render thread/INFO] [CustomSkinLoader Core]: Successfully update config.
[2024-05-04 10:24:58] [Render thread/INFO] [CustomSkinLoader Core]: version : 14.19.1
[2024-05-04 10:24:58] [Render thread/INFO] [CustomSkinLoader Core]: buildNumber : 26
[2024-05-04 10:24:58] [Render thread/INFO] [CustomSkinLoader Core]: loadlist : [{ "name": "Mojang", "type": "MojangAPI", "apiRoot": "https://api.mojang.com/", "sessionRoot": "https://sessionserver.mojang.com/" }, { "name": "LittleSkin", "type": "CustomSkinAPI", "root": "https://littleskin.cn/csl/" }, { "name": "BlessingSkin", "type": "CustomSkinAPI", "root": "https://skin.prinzeugen.net/" }, { "name": "ElyBy", "type": "ElyByAPI", "root": "http://skinsystem.ely.by/textures/" }, { "name": "SkinMe", "type": "UniSkinAPI", "root": "http://www.skinme.cc/uniskin/" }, { "name": "TLauncher", "type": "ElyByAPI", "root": "https://auth.tlauncher.org/skin/profile/texture/login/" }, { "name": "GlitchlessGames", "type": "GlitchlessAPI", "root": "https://games.glitchless.ru/api/minecraft/users/profiles/textures/?nickname=" }, { "name": "LocalSkin", "type": "Legacy", "checkPNG": "false", "skin": "LocalSkin/skins/{USERNAME}.png", "model": "auto", "cape": "LocalSkin/capes/{USERNAME}.png", "elytra": "LocalSkin/elytras/{USERNAME}.png" }, { "name": "MinecraftCapes", "type": "MinecraftCapesAPI", "root": "https://api.minecraftcapes.net/profile/" }, { "name": "OptiFine", "type": "Legacy", "checkPNG": "false", "model": "auto", "cape": "https://optifine.net/capes/{USERNAME}.png" }, { "name": "Wynntils", "type": "WynntilsAPI", "root": "https://athena.wynntils.com/user/getInfo" }, { "name": "CloakPlus", "type": "Legacy", "checkPNG": "false", "model": "auto", "cape": "http://161.35.130.99/capes/{USERNAME}.png" }, { "name": "LabyMod", "type": "Legacy", "checkPNG": "false", "model": "auto", "cape": "https://dl.labymod.net/capes/{STANDARD_UUID}" }, { "name": "Cosmetica", "type": "Legacy", "checkPNG": "false", "model": "auto", "cape": "https://api.cosmetica.cc/get/cloak?username={USERNAME}&uuid={STANDARD_UUID}&nothirdparty" }]
[2024-05-04 10:24:58] [Render thread/INFO] [CustomSkinLoader Core]: enableDynamicSkull : true
[2024-05-04 10:24:58] [Render thread/INFO] [CustomSkinLoader Core]: enableTransparentSkin : true
[2024-05-04 10:24:58] [Render thread/INFO] [CustomSkinLoader Core]: forceLoadAllTextures : true
[2024-05-04 10:24:58] [Render thread/INFO] [CustomSkinLoader Core]: enableCape : true
[2024-05-04 10:24:58] [Render thread/INFO] [CustomSkinLoader Core]: threadPoolSize : 8
[2024-05-04 10:24:58] [Render thread/INFO] [CustomSkinLoader Core]: enableLogStdOut : false
[2024-05-04 10:24:58] [Render thread/INFO] [CustomSkinLoader Core]: cacheExpiry : 30
[2024-05-04 10:24:58] [Render thread/INFO] [CustomSkinLoader Core]: forceUpdateSkull : false
[2024-05-04 10:24:58] [Render thread/INFO] [CustomSkinLoader Core]: enableLocalProfileCache : false
[2024-05-04 10:24:58] [Render thread/INFO] [CustomSkinLoader Core]: enableCacheAutoClean : false
[2024-05-04 10:24:58] [Render thread/INFO] [CustomSkinLoader Core]: forceDisableCache : false
[2024-05-04 10:24:58] [YUAXIN/INFO] [CustomSkinLoader Core]: Loading YUAXIN's profile.
[2024-05-04 10:24:58] [YUAXIN/INFO] [CustomSkinLoader Core]: 1/14 Try to load profile from 'Mojang'.
[2024-05-04 10:24:58] [YUAXIN/DEBUG] [CustomSkinLoader Core]: Try to request 'https://api.mojang.com/profiles/minecraft'.
[2024-05-04 10:24:58] [YUAXIN/INFO] [CustomSkinLoader Core]: Payload: ["YUAXIN"]
[2024-05-04 10:24:58] [YUAXIN/DEBUG] [CustomSkinLoader Core]: Successfully request (Response Code: 200 , Content Length: 72)
[2024-05-04 10:24:58] [YUAXIN/DEBUG] [CustomSkinLoader Core]: Content: [ {
  "id" : "fdac0024d72448fa86713782bb08dfe3",
  "name" : "YUAXIN"
} ]
[2024-05-04 10:24:58] [YUAXIN/DEBUG] [CustomSkinLoader Core]: Try to request 'https://sessionserver.mojang.com/session/minecraft/profile/fdac0024d72448fa86713782bb08dfe3'.
[2024-05-04 10:24:58] [YUAXIN/DEBUG] [CustomSkinLoader Core]: Successfully request (Response Code: 200 , Content Length: 532)
[2024-05-04 10:24:58] [YUAXIN/DEBUG] [CustomSkinLoader Core]: Saved to cache (Length: 532 , Path: 'D:\宝可梦世界客户端【无光影低配】\.minecraft\versions\Inherit\CustomSkinLoader\caches\80479d0bbed26c3ce7b6223bf61960a0de59ff00' , Expire: 1714789528)
[2024-05-04 10:24:58] [YUAXIN/DEBUG] [CustomSkinLoader Core]: Content: {
  "id" : "fdac0024d72448fa86713782bb08dfe3",
  "name" : "YUAXIN",
  "properties" : [ {
    "name" : "textures",
    "value" : "ewogICJ0aW1lc3RhbXAiIDogMTcxNDc4OTQ5ODI2MCwKICAicHJvZmlsZUlkIiA6ICJmZGFjMDAyNGQ3MjQ0OGZhODY3MTM3ODJiYjA4ZGZlMyIsCiAgInByb2ZpbGVOYW1lIiA6ICJZVUFYSU4iLAogICJ0ZXh0dXJlcyIgOiB7CiAgICAiU0tJTiIgOiB7CiAgICAgICJ1cmwiIDogImh0dHA6Ly90ZXh0dXJlcy5taW5lY3JhZnQubmV0L3RleHR1cmUvN2Y0NTQ5NDAzZWZlMjMwYTNkNGI1Nzk1NmVjN2Y0NmQzNDgxNWFhZTc0YTNhMGM1ZDc4ODgyZGZiZGNlYjk3ZiIKICAgIH0KICB9Cn0="
  } ],
  "profileActions" : [ ]
}
[2024-05-04 10:24:58] [YUAXIN/INFO] [CustomSkinLoader Core]: 2/14 Try to load profile from 'LittleSkin'.
[2024-05-04 10:24:58] [YUAXIN/DEBUG] [CustomSkinLoader Core]: Try to request 'https://littleskin.cn/csl/YUAXIN.json'.
[2024-05-04 10:24:59] [YUAXIN/DEBUG] [CustomSkinLoader Core]: Successfully request (Response Code: 304 , Content Length: -1)
[2024-05-04 10:24:59] [YUAXIN/DEBUG] [CustomSkinLoader Core]: Cache file found (Length: 120 , Path: 'D:\宝可梦世界客户端【无光影低配】\.minecraft\versions\Inherit\CustomSkinLoader\caches\11d2e05a97933d0de14a31142728d8d190ed432a' , Expire: 0)
[2024-05-04 10:24:59] [YUAXIN/INFO] [CustomSkinLoader Core]: Try to load from cache 'D:\宝可梦世界客户端【无光影低配】\.minecraft\versions\Inherit\CustomSkinLoader\caches\11d2e05a97933d0de14a31142728d8d190ed432a'.
[2024-05-04 10:24:59] [YUAXIN/DEBUG] [CustomSkinLoader Core]: Successfully load from cache
[2024-05-04 10:24:59] [YUAXIN/DEBUG] [CustomSkinLoader Core]: Content: {"username":"YUAXIN","skins":{"default":"40576647bf4444be38afebcbeafbb7c94bee5fc4120eee4542647dfa17f27b66"},"cape":null}
[2024-05-04 10:24:59] [YUAXIN/INFO] [CustomSkinLoader Core]: 3/14 Try to load profile from 'BlessingSkin'.
[2024-05-04 10:24:59] [YUAXIN/DEBUG] [CustomSkinLoader Core]: Try to request 'https://skin.prinzeugen.net/YUAXIN.json'.
[2024-05-04 10:25:00] [YUAXIN/DEBUG] [CustomSkinLoader Core]: Failed to request (Response Code: 404)
[2024-05-04 10:25:00] [YUAXIN/INFO] [CustomSkinLoader Core]: Profile not found.
[2024-05-04 10:25:00] [YUAXIN/INFO] [CustomSkinLoader Core]: 4/14 Try to load profile from 'ElyBy'.
[2024-05-04 10:25:00] [YUAXIN/DEBUG] [CustomSkinLoader Core]: Try to request 'http://skinsystem.ely.by/textures/YUAXIN'.
[2024-05-04 10:25:00] [YUAXIN/DEBUG] [CustomSkinLoader Core]: Successfully request (Response Code: 200 , Content Length: 121)
[2024-05-04 10:25:00] [YUAXIN/DEBUG] [CustomSkinLoader Core]: Saved to cache (Length: 121 , Path: 'D:\宝可梦世界客户端【无光影低配】\.minecraft\versions\Inherit\CustomSkinLoader\caches\8e42e8fbe3b55e3135028639fb3f92dd48274102' , Expire: 1714789592)
[2024-05-04 10:25:00] [YUAXIN/DEBUG] [CustomSkinLoader Core]: Content: {"SKIN":{"url":"http://textures.minecraft.net/texture/7f4549403efe230a3d4b57956ec7f46d34815aae74a3a0c5d78882dfbdceb97f"}}
[2024-05-04 10:25:00] [YUAXIN/INFO] [CustomSkinLoader Core]: 5/14 Try to load profile from 'SkinMe'.
[2024-05-04 10:25:00] [YUAXIN/DEBUG] [CustomSkinLoader Core]: Try to request 'http://www.skinme.cc/uniskin/YUAXIN.json'.
[2024-05-04 10:25:00] [YUAXIN/DEBUG] [CustomSkinLoader Core]: Failed to request http://www.skinme.cc/uniskin/YUAXIN.json (Exception: java.net.UnknownHostException: www.skinme.cc)
[2024-05-04 10:25:00] [YUAXIN/INFO] [CustomSkinLoader Core]: Profile not found.
[2024-05-04 10:25:00] [YUAXIN/INFO] [CustomSkinLoader Core]: 6/14 Try to load profile from 'TLauncher'.
[2024-05-04 10:25:00] [YUAXIN/DEBUG] [CustomSkinLoader Core]: Try to request 'https://auth.tlauncher.org/skin/profile/texture/login/YUAXIN'.
[2024-05-04 10:25:01] [YUAXIN/DEBUG] [CustomSkinLoader Core]: Successfully request (Response Code: 200 , Content Length: -1)
[2024-05-04 10:25:01] [YUAXIN/DEBUG] [CustomSkinLoader Core]: Saved to cache (Length: 121 , Path: 'D:\宝可梦世界客户端【无光影低配】\.minecraft\versions\Inherit\CustomSkinLoader\caches\fae6f698ef3c964770e3bf39afe324bf9d16b167' , Expire: 1714789596)
[2024-05-04 10:25:01] [YUAXIN/DEBUG] [CustomSkinLoader Core]: Content: {"SKIN":{"url":"http://textures.minecraft.net/texture/7f4549403efe230a3d4b57956ec7f46d34815aae74a3a0c5d78882dfbdceb97f"}}
[2024-05-04 10:25:01] [YUAXIN/INFO] [CustomSkinLoader Core]: 7/14 Try to load profile from 'GlitchlessGames'.
[2024-05-04 10:25:01] [YUAXIN/DEBUG] [CustomSkinLoader Core]: Try to request 'https://games.glitchless.ru/api/minecraft/users/profiles/textures/?nickname=YUAXIN'.
[2024-05-04 10:25:03] [YUAXIN/DEBUG] [CustomSkinLoader Core]: Failed to request (Response Code: 404)
[2024-05-04 10:25:03] [YUAXIN/INFO] [CustomSkinLoader Core]: Profile not found.
[2024-05-04 10:25:03] [YUAXIN/INFO] [CustomSkinLoader Core]: 8/14 Try to load profile from 'LocalSkin'.
[2024-05-04 10:25:03] [YUAXIN/INFO] [CustomSkinLoader Core]: No texture could be found.
[2024-05-04 10:25:03] [YUAXIN/INFO] [CustomSkinLoader Core]: 9/14 Try to load profile from 'MinecraftCapes'.
[2024-05-04 10:25:03] [YUAXIN/DEBUG] [CustomSkinLoader Core]: Try to request 'https://api.minecraftcapes.net/profile/fdac0024d72448fa86713782bb08dfe3'.
[2024-05-04 10:25:13] [YUAXIN/DEBUG] [CustomSkinLoader Core]: Failed to request https://api.minecraftcapes.net/profile/fdac0024d72448fa86713782bb08dfe3 (Exception: java.net.SocketTimeoutException: Connect timed out)
[2024-05-04 10:25:13] [YUAXIN/DEBUG] [CustomSkinLoader Core]: Cache file found (Length: 96 , Path: 'D:\宝可梦世界客户端【无光影低配】\.minecraft\versions\Inherit\CustomSkinLoader\caches\55a8d6c1c0bb34d29d769eda18e0f5a425e30539' , Expire: 0)
[2024-05-04 10:25:13] [YUAXIN/INFO] [CustomSkinLoader Core]: Try to load from cache 'D:\宝可梦世界客户端【无光影低配】\.minecraft\versions\Inherit\CustomSkinLoader\caches\55a8d6c1c0bb34d29d769eda18e0f5a425e30539'.
[2024-05-04 10:25:13] [YUAXIN/DEBUG] [CustomSkinLoader Core]: Successfully load from cache
[2024-05-04 10:25:13] [YUAXIN/DEBUG] [CustomSkinLoader Core]: Content: {"animatedCape":false,"capeGlint":false,"upsideDown":false,"textures":{"cape":null,"ears":null}}
[2024-05-04 10:25:13] [YUAXIN/INFO] [CustomSkinLoader Core]: Both skin and cape not found.
[2024-05-04 10:25:13] [YUAXIN/INFO] [CustomSkinLoader Core]: 10/14 Try to load profile from 'OptiFine'.
[2024-05-04 10:25:13] [YUAXIN/DEBUG] [CustomSkinLoader Core]: Try to request 'https://optifine.net/capes/YUAXIN.png'.
[2024-05-04 10:25:14] [YUAXIN/DEBUG] [CustomSkinLoader Core]: Failed to request (Response Code: 404)
[2024-05-04 10:25:14] [YUAXIN/INFO] [CustomSkinLoader Core]: No texture could be found.
[2024-05-04 10:25:14] [YUAXIN/INFO] [CustomSkinLoader Core]: 11/14 Try to load profile from 'Wynntils'.
[2024-05-04 10:25:14] [YUAXIN/DEBUG] [CustomSkinLoader Core]: Try to request 'https://athena.wynntils.com/user/getInfo'.
[2024-05-04 10:25:14] [YUAXIN/INFO] [CustomSkinLoader Core]: Payload: {"uuid":"fdac0024-d724-48fa-8671-3782bb08dfe3"}
[2024-05-04 10:25:14] [YUAXIN/DEBUG] [CustomSkinLoader Core]: Failed to request (Response Code: 502)
[2024-05-04 10:25:14] [YUAXIN/INFO] [CustomSkinLoader Core]: Profile not found.
[2024-05-04 10:25:14] [YUAXIN/INFO] [CustomSkinLoader Core]: 12/14 Try to load profile from 'CloakPlus'.
[2024-05-04 10:25:14] [YUAXIN/DEBUG] [CustomSkinLoader Core]: Try to request 'http://161.35.130.99/capes/YUAXIN.png'.
[2024-05-04 10:25:15] [YUAXIN/DEBUG] [CustomSkinLoader Core]: Failed to request (Response Code: 404)
[2024-05-04 10:25:15] [YUAXIN/INFO] [CustomSkinLoader Core]: No texture could be found.
[2024-05-04 10:25:15] [YUAXIN/INFO] [CustomSkinLoader Core]: 13/14 Try to load profile from 'LabyMod'.
[2024-05-04 10:25:15] [YUAXIN/DEBUG] [CustomSkinLoader Core]: Try to request 'https://dl.labymod.net/capes/fdac0024-d724-48fa-8671-3782bb08dfe3'.
[2024-05-04 10:25:16] [YUAXIN/DEBUG] [CustomSkinLoader Core]: Failed to request (Response Code: 404)
[2024-05-04 10:25:16] [YUAXIN/INFO] [CustomSkinLoader Core]: No texture could be found.
[2024-05-04 10:25:16] [YUAXIN/INFO] [CustomSkinLoader Core]: 14/14 Try to load profile from 'Cosmetica'.
[2024-05-04 10:25:16] [YUAXIN/DEBUG] [CustomSkinLoader Core]: Try to request 'https://api.cosmetica.cc/get/cloak?username=YUAXIN&uuid=fdac0024-d724-48fa-8671-3782bb08dfe3&nothirdparty'.
[2024-05-04 10:25:17] [YUAXIN/DEBUG] [CustomSkinLoader Core]: Successfully request (Response Code: 200 , Content Length: 452)
[2024-05-04 10:25:17] [YUAXIN/DEBUG] [CustomSkinLoader Core]: Saved to cache (Length: 452 , Path: 'D:\宝可梦世界客户端【无光影低配】\.minecraft\versions\Inherit\CustomSkinLoader\caches\da8a521888e1c1fff2988603652089e19bab3fb7' , Expire: 1714790120)
[2024-05-04 10:25:17] [YUAXIN/INFO] [CustomSkinLoader Core]: YUAXIN's profile loaded.
[2024-05-04 10:25:17] [YUAXIN/INFO] [CustomSkinLoader Core]: (SkinUrl: http://textures.minecraft.net/texture/7f4549403efe230a3d4b57956ec7f46d34815aae74a3a0c5d78882dfbdceb97f , Model: default , CapeUrl: (LEGACY)https://api.cosmetica.cc/get/cloak?username=YUAXIN&uuid=fdac0024-d724-48fa-8671-3782bb08dfe3&nothirdparty  , Expiry: 1714789547)
[2024-05-04 11:42:08] [YUAXIN/INFO] [CustomSkinLoader Core]: Loading YUAXIN's profile.
[2024-05-04 11:42:08] [YUAXIN/INFO] [CustomSkinLoader Core]: 1/14 Try to load profile from 'Mojang'.
[2024-05-04 11:42:08] [YUAXIN/INFO] [CustomSkinLoader Core]: Default profile will be used.
[2024-05-04 11:42:08] [YUAXIN/INFO] [CustomSkinLoader Core]: 2/14 Try to load profile from 'LittleSkin'.
[2024-05-04 11:42:08] [YUAXIN/DEBUG] [CustomSkinLoader Core]: Try to request 'https://littleskin.cn/csl/YUAXIN.json'.
[2024-05-04 11:42:08] [YUAXIN/DEBUG] [CustomSkinLoader Core]: Successfully request (Response Code: 304 , Content Length: -1)
[2024-05-04 11:42:08] [YUAXIN/DEBUG] [CustomSkinLoader Core]: Cache file found (Length: 120 , Path: 'D:\宝可梦世界客户端【无光影低配】\.minecraft\versions\Inherit\CustomSkinLoader\caches\11d2e05a97933d0de14a31142728d8d190ed432a' , Expire: 0)
[2024-05-04 11:42:08] [YUAXIN/INFO] [CustomSkinLoader Core]: Try to load from cache 'D:\宝可梦世界客户端【无光影低配】\.minecraft\versions\Inherit\CustomSkinLoader\caches\11d2e05a97933d0de14a31142728d8d190ed432a'.
[2024-05-04 11:42:08] [YUAXIN/DEBUG] [CustomSkinLoader Core]: Successfully load from cache
[2024-05-04 11:42:08] [YUAXIN/DEBUG] [CustomSkinLoader Core]: Content: {"username":"YUAXIN","skins":{"default":"40576647bf4444be38afebcbeafbb7c94bee5fc4120eee4542647dfa17f27b66"},"cape":null}
[2024-05-04 11:42:08] [YUAXIN/INFO] [CustomSkinLoader Core]: 3/14 Try to load profile from 'BlessingSkin'.
[2024-05-04 11:42:08] [YUAXIN/DEBUG] [CustomSkinLoader Core]: Try to request 'https://skin.prinzeugen.net/YUAXIN.json'.
[2024-05-04 11:42:09] [YUAXIN/DEBUG] [CustomSkinLoader Core]: Failed to request (Response Code: 404)
[2024-05-04 11:42:09] [YUAXIN/INFO] [CustomSkinLoader Core]: Profile not found.
[2024-05-04 11:42:09] [YUAXIN/INFO] [CustomSkinLoader Core]: 4/14 Try to load profile from 'ElyBy'.
[2024-05-04 11:42:09] [YUAXIN/DEBUG] [CustomSkinLoader Core]: Try to request 'http://skinsystem.ely.by/textures/YUAXIN'.
[2024-05-04 11:42:19] [YUAXIN/DEBUG] [CustomSkinLoader Core]: Failed to request http://skinsystem.ely.by/textures/YUAXIN (Exception: java.net.SocketTimeoutException: Connect timed out)
[2024-05-04 11:42:19] [YUAXIN/DEBUG] [CustomSkinLoader Core]: Cache file found (Length: 121 , Path: 'D:\宝可梦世界客户端【无光影低配】\.minecraft\versions\Inherit\CustomSkinLoader\caches\8e42e8fbe3b55e3135028639fb3f92dd48274102' , Expire: 0)
[2024-05-04 11:42:19] [YUAXIN/INFO] [CustomSkinLoader Core]: Try to load from cache 'D:\宝可梦世界客户端【无光影低配】\.minecraft\versions\Inherit\CustomSkinLoader\caches\8e42e8fbe3b55e3135028639fb3f92dd48274102'.
[2024-05-04 11:42:19] [YUAXIN/DEBUG] [CustomSkinLoader Core]: Successfully load from cache
[2024-05-04 11:42:19] [YUAXIN/DEBUG] [CustomSkinLoader Core]: Content: {"SKIN":{"url":"http://textures.minecraft.net/texture/7f4549403efe230a3d4b57956ec7f46d34815aae74a3a0c5d78882dfbdceb97f"}}
[2024-05-04 11:42:19] [YUAXIN/INFO] [CustomSkinLoader Core]: 5/14 Try to load profile from 'SkinMe'.
[2024-05-04 11:42:19] [YUAXIN/DEBUG] [CustomSkinLoader Core]: Try to request 'http://www.skinme.cc/uniskin/YUAXIN.json'.
[2024-05-04 11:42:19] [YUAXIN/DEBUG] [CustomSkinLoader Core]: Failed to request http://www.skinme.cc/uniskin/YUAXIN.json (Exception: java.net.UnknownHostException: www.skinme.cc)
[2024-05-04 11:42:19] [YUAXIN/INFO] [CustomSkinLoader Core]: Profile not found.
[2024-05-04 11:42:19] [YUAXIN/INFO] [CustomSkinLoader Core]: 6/14 Try to load profile from 'TLauncher'.
[2024-05-04 11:42:19] [YUAXIN/DEBUG] [CustomSkinLoader Core]: Try to request 'https://auth.tlauncher.org/skin/profile/texture/login/YUAXIN'.
[2024-05-04 11:42:20] [YUAXIN/DEBUG] [CustomSkinLoader Core]: Successfully request (Response Code: 200 , Content Length: -1)
[2024-05-04 11:42:20] [YUAXIN/DEBUG] [CustomSkinLoader Core]: Saved to cache (Length: 121 , Path: 'D:\宝可梦世界客户端【无光影低配】\.minecraft\versions\Inherit\CustomSkinLoader\caches\fae6f698ef3c964770e3bf39afe324bf9d16b167' , Expire: 1714794235)
[2024-05-04 11:42:20] [YUAXIN/DEBUG] [CustomSkinLoader Core]: Content: {"SKIN":{"url":"http://textures.minecraft.net/texture/7f4549403efe230a3d4b57956ec7f46d34815aae74a3a0c5d78882dfbdceb97f"}}
[2024-05-04 11:42:20] [YUAXIN/INFO] [CustomSkinLoader Core]: 7/14 Try to load profile from 'GlitchlessGames'.
[2024-05-04 11:42:20] [YUAXIN/DEBUG] [CustomSkinLoader Core]: Try to request 'https://games.glitchless.ru/api/minecraft/users/profiles/textures/?nickname=YUAXIN'.
[2024-05-04 11:42:21] [YUAXIN/DEBUG] [CustomSkinLoader Core]: Failed to request (Response Code: 404)
[2024-05-04 11:42:21] [YUAXIN/INFO] [CustomSkinLoader Core]: Profile not found.
[2024-05-04 11:42:21] [YUAXIN/INFO] [CustomSkinLoader Core]: 8/14 Try to load profile from 'LocalSkin'.
[2024-05-04 11:42:21] [YUAXIN/INFO] [CustomSkinLoader Core]: No texture could be found.
[2024-05-04 11:42:21] [YUAXIN/INFO] [CustomSkinLoader Core]: 9/14 Try to load profile from 'MinecraftCapes'.
[2024-05-04 11:42:21] [YUAXIN/DEBUG] [CustomSkinLoader Core]: Try to request 'https://api.minecraftcapes.net/profile/fdac0024d72448fa86713782bb08dfe3'.
[2024-05-04 11:42:31] [YUAXIN/DEBUG] [CustomSkinLoader Core]: Failed to request https://api.minecraftcapes.net/profile/fdac0024d72448fa86713782bb08dfe3 (Exception: java.net.SocketTimeoutException: Connect timed out)
[2024-05-04 11:42:31] [YUAXIN/DEBUG] [CustomSkinLoader Core]: Cache file found (Length: 96 , Path: 'D:\宝可梦世界客户端【无光影低配】\.minecraft\versions\Inherit\CustomSkinLoader\caches\55a8d6c1c0bb34d29d769eda18e0f5a425e30539' , Expire: 0)
[2024-05-04 11:42:31] [YUAXIN/INFO] [CustomSkinLoader Core]: Try to load from cache 'D:\宝可梦世界客户端【无光影低配】\.minecraft\versions\Inherit\CustomSkinLoader\caches\55a8d6c1c0bb34d29d769eda18e0f5a425e30539'.
[2024-05-04 11:42:31] [YUAXIN/DEBUG] [CustomSkinLoader Core]: Successfully load from cache
[2024-05-04 11:42:31] [YUAXIN/DEBUG] [CustomSkinLoader Core]: Content: {"animatedCape":false,"capeGlint":false,"upsideDown":false,"textures":{"cape":null,"ears":null}}
[2024-05-04 11:42:31] [YUAXIN/INFO] [CustomSkinLoader Core]: Both skin and cape not found.
[2024-05-04 11:42:31] [YUAXIN/INFO] [CustomSkinLoader Core]: 10/14 Try to load profile from 'OptiFine'.
[2024-05-04 11:42:31] [YUAXIN/DEBUG] [CustomSkinLoader Core]: Try to request 'https://optifine.net/capes/YUAXIN.png'.
[2024-05-04 11:42:32] [YUAXIN/DEBUG] [CustomSkinLoader Core]: Failed to request (Response Code: 404)
[2024-05-04 11:42:32] [YUAXIN/INFO] [CustomSkinLoader Core]: No texture could be found.
[2024-05-04 11:42:32] [YUAXIN/INFO] [CustomSkinLoader Core]: 11/14 Try to load profile from 'Wynntils'.
[2024-05-04 11:42:32] [YUAXIN/DEBUG] [CustomSkinLoader Core]: Try to request 'https://athena.wynntils.com/user/getInfo'.
[2024-05-04 11:42:32] [YUAXIN/INFO] [CustomSkinLoader Core]: Payload: {"uuid":"fdac0024-d724-48fa-8671-3782bb08dfe3"}
[2024-05-04 11:42:39] [YUAXIN/DEBUG] [CustomSkinLoader Core]: Failed to request (Response Code: 404)
[2024-05-04 11:42:39] [YUAXIN/INFO] [CustomSkinLoader Core]: Profile not found.
[2024-05-04 11:42:39] [YUAXIN/INFO] [CustomSkinLoader Core]: 12/14 Try to load profile from 'CloakPlus'.
[2024-05-04 11:42:39] [YUAXIN/DEBUG] [CustomSkinLoader Core]: Try to request 'http://161.35.130.99/capes/YUAXIN.png'.
[2024-05-04 11:42:40] [YUAXIN/DEBUG] [CustomSkinLoader Core]: Failed to request (Response Code: 404)
[2024-05-04 11:42:40] [YUAXIN/INFO] [CustomSkinLoader Core]: No texture could be found.
[2024-05-04 11:42:40] [YUAXIN/INFO] [CustomSkinLoader Core]: 13/14 Try to load profile from 'LabyMod'.
[2024-05-04 11:42:40] [YUAXIN/DEBUG] [CustomSkinLoader Core]: Try to request 'https://dl.labymod.net/capes/fdac0024-d724-48fa-8671-3782bb08dfe3'.
[2024-05-04 11:42:41] [YUAXIN/DEBUG] [CustomSkinLoader Core]: Failed to request (Response Code: 404)
[2024-05-04 11:42:41] [YUAXIN/INFO] [CustomSkinLoader Core]: No texture could be found.
[2024-05-04 11:42:41] [YUAXIN/INFO] [CustomSkinLoader Core]: 14/14 Try to load profile from 'Cosmetica'.
[2024-05-04 11:42:41] [YUAXIN/DEBUG] [CustomSkinLoader Core]: Try to request 'https://api.cosmetica.cc/get/cloak?username=YUAXIN&uuid=fdac0024-d724-48fa-8671-3782bb08dfe3&nothirdparty'.
[2024-05-04 11:42:42] [YUAXIN/DEBUG] [CustomSkinLoader Core]: Successfully request (Response Code: 200 , Content Length: 452)
[2024-05-04 11:42:42] [YUAXIN/DEBUG] [CustomSkinLoader Core]: Saved to cache (Length: 452 , Path: 'D:\宝可梦世界客户端【无光影低配】\.minecraft\versions\Inherit\CustomSkinLoader\caches\da8a521888e1c1fff2988603652089e19bab3fb7' , Expire: 1714794766)
[2024-05-04 11:42:42] [YUAXIN/INFO] [CustomSkinLoader Core]: YUAXIN's profile loaded.
[2024-05-04 11:42:42] [YUAXIN/INFO] [CustomSkinLoader Core]: (SkinUrl: http://textures.minecraft.net/texture/7f4549403efe230a3d4b57956ec7f46d34815aae74a3a0c5d78882dfbdceb97f , Model: default , CapeUrl: (LEGACY)https://api.cosmetica.cc/get/cloak?username=YUAXIN&uuid=fdac0024-d724-48fa-8671-3782bb08dfe3&nothirdparty  , Expiry: 1714794192)
